<?xml version="1.0" encoding="UTF-8"?>
<coverage generated="1641422895421" clover="3.2.0">
  <project timestamp="1641422895422" name="All files">
    <metrics statements="31" coveredstatements="31" conditionals="20" coveredconditionals="19" methods="4" coveredmethods="4" elements="55" coveredelements="54" complexity="0" loc="31" ncloc="31" packages="1" files="2" classes="2"/>
    <file name="bst-node.js" path="C:\Users\Cat\Desktop\epicodus\binary-search-trees\src\bst-node.js">
      <metrics statements="3" coveredstatements="3" conditionals="0" coveredconditionals="0" methods="1" coveredmethods="1"/>
      <line num="3" count="127" type="stmt"/>
      <line num="4" count="127" type="stmt"/>
      <line num="5" count="127" type="stmt"/>
    </file>
    <file name="bst.js" path="C:\Users\Cat\Desktop\epicodus\binary-search-trees\src\bst.js">
      <metrics statements="28" coveredstatements="28" conditionals="20" coveredconditionals="19" methods="3" coveredmethods="3"/>
      <line num="3" count="11" type="stmt"/>
      <line num="6" count="6" type="cond" truecount="2" falsecount="0"/>
      <line num="7" count="1" type="stmt"/>
      <line num="9" count="5" type="stmt"/>
      <line num="10" count="5" type="stmt"/>
      <line num="11" count="14" type="cond" truecount="2" falsecount="0"/>
      <line num="12" count="3" type="stmt"/>
      <line num="13" count="11" type="cond" truecount="2" falsecount="0"/>
      <line num="14" count="5" type="stmt"/>
      <line num="15" count="6" type="cond" truecount="1" falsecount="1"/>
      <line num="16" count="6" type="stmt"/>
      <line num="18" count="11" type="cond" truecount="2" falsecount="0"/>
      <line num="19" count="2" type="stmt"/>
      <line num="26" count="126" type="cond" truecount="2" falsecount="0"/>
      <line num="27" count="10" type="stmt"/>
      <line num="29" count="116" type="stmt"/>
      <line num="30" count="116" type="stmt"/>
      <line num="31" count="264" type="cond" truecount="2" falsecount="0"/>
      <line num="32" count="84" type="cond" truecount="2" falsecount="0"/>
      <line num="33" count="9" type="stmt"/>
      <line num="34" count="9" type="stmt"/>
      <line num="36" count="75" type="stmt"/>
      <line num="38" count="180" type="cond" truecount="2" falsecount="0"/>
      <line num="39" count="80" type="cond" truecount="2" falsecount="0"/>
      <line num="40" count="7" type="stmt"/>
      <line num="41" count="7" type="stmt"/>
      <line num="43" count="73" type="stmt"/>
      <line num="48" count="100" type="stmt"/>
    </file>
  </project>
</coverage>
