{"C:\\Users\\Cat\\Desktop\\epicodus\\binary-search-trees\\src\\bst-node.js": {"path":"C:\\Users\\Cat\\Desktop\\epicodus\\binary-search-trees\\src\\bst-node.js","statementMap":{"0":{"start":{"line":3,"column":4},"end":{"line":3,"column":21}},"1":{"start":{"line":4,"column":4},"end":{"line":4,"column":21}},"2":{"start":{"line":5,"column":4},"end":{"line":5,"column":22}}},"fnMap":{"0":{"name":"(anonymous_0)","decl":{"start":{"line":2,"column":2},"end":{"line":2,"column":3}},"loc":{"start":{"line":2,"column":20},"end":{"line":6,"column":3}},"line":2}},"branchMap":{},"s":{"0":127,"1":127,"2":127},"f":{"0":127},"b":{},"_coverageSchema":"43e27e138ebf9cfc5966b082cf9a028302ed4184","hash":"d6bc64234bd62bc6884cbaec134342fb5725f3ec"}
,"C:\\Users\\Cat\\Desktop\\epicodus\\binary-search-trees\\src\\bst.js": {"path":"C:\\Users\\Cat\\Desktop\\epicodus\\binary-search-trees\\src\\bst.js","statementMap":{"0":{"start":{"line":3,"column":4},"end":{"line":3,"column":21}},"1":{"start":{"line":6,"column":4},"end":{"line":22,"column":5}},"2":{"start":{"line":7,"column":6},"end":{"line":7,"column":18}},"3":{"start":{"line":9,"column":24},"end":{"line":9,"column":33}},"4":{"start":{"line":10,"column":6},"end":{"line":21,"column":7}},"5":{"start":{"line":11,"column":8},"end":{"line":17,"column":9}},"6":{"start":{"line":12,"column":10},"end":{"line":12,"column":22}},"7":{"start":{"line":13,"column":15},"end":{"line":17,"column":9}},"8":{"start":{"line":14,"column":10},"end":{"line":14,"column":41}},"9":{"start":{"line":15,"column":15},"end":{"line":17,"column":9}},"10":{"start":{"line":16,"column":10},"end":{"line":16,"column":42}},"11":{"start":{"line":18,"column":8},"end":{"line":20,"column":9}},"12":{"start":{"line":19,"column":10},"end":{"line":19,"column":23}},"13":{"start":{"line":26,"column":4},"end":{"line":51,"column":5}},"14":{"start":{"line":27,"column":6},"end":{"line":27,"column":31}},"15":{"start":{"line":29,"column":24},"end":{"line":29,"column":33}},"16":{"start":{"line":30,"column":6},"end":{"line":50,"column":7}},"17":{"start":{"line":31,"column":9},"end":{"line":49,"column":9}},"18":{"start":{"line":32,"column":10},"end":{"line":37,"column":11}},"19":{"start":{"line":33,"column":12},"end":{"line":33,"column":44}},"20":{"start":{"line":34,"column":12},"end":{"line":34,"column":24}},"21":{"start":{"line":36,"column":12},"end":{"line":36,"column":43}},"22":{"start":{"line":38,"column":15},"end":{"line":49,"column":9}},"23":{"start":{"line":39,"column":10},"end":{"line":44,"column":11}},"24":{"start":{"line":40,"column":12},"end":{"line":40,"column":45}},"25":{"start":{"line":41,"column":12},"end":{"line":41,"column":24}},"26":{"start":{"line":43,"column":12},"end":{"line":43,"column":44}},"27":{"start":{"line":48,"column":10},"end":{"line":48,"column":22}}},"fnMap":{"0":{"name":"(anonymous_0)","decl":{"start":{"line":2,"column":2},"end":{"line":2,"column":3}},"loc":{"start":{"line":2,"column":16},"end":{"line":4,"column":3}},"line":2},"1":{"name":"(anonymous_1)","decl":{"start":{"line":5,"column":2},"end":{"line":5,"column":3}},"loc":{"start":{"line":5,"column":16},"end":{"line":23,"column":3}},"line":5},"2":{"name":"(anonymous_2)","decl":{"start":{"line":25,"column":2},"end":{"line":25,"column":3}},"loc":{"start":{"line":25,"column":27},"end":{"line":52,"column":3}},"line":25}},"branchMap":{"0":{"loc":{"start":{"line":6,"column":4},"end":{"line":22,"column":5}},"type":"if","locations":[{"start":{"line":6,"column":4},"end":{"line":22,"column":5}},{"start":{"line":6,"column":4},"end":{"line":22,"column":5}}],"line":6},"1":{"loc":{"start":{"line":11,"column":8},"end":{"line":17,"column":9}},"type":"if","locations":[{"start":{"line":11,"column":8},"end":{"line":17,"column":9}},{"start":{"line":11,"column":8},"end":{"line":17,"column":9}}],"line":11},"2":{"loc":{"start":{"line":13,"column":15},"end":{"line":17,"column":9}},"type":"if","locations":[{"start":{"line":13,"column":15},"end":{"line":17,"column":9}},{"start":{"line":13,"column":15},"end":{"line":17,"column":9}}],"line":13},"3":{"loc":{"start":{"line":15,"column":15},"end":{"line":17,"column":9}},"type":"if","locations":[{"start":{"line":15,"column":15},"end":{"line":17,"column":9}},{"start":{"line":15,"column":15},"end":{"line":17,"column":9}}],"line":15},"4":{"loc":{"start":{"line":18,"column":8},"end":{"line":20,"column":9}},"type":"if","locations":[{"start":{"line":18,"column":8},"end":{"line":20,"column":9}},{"start":{"line":18,"column":8},"end":{"line":20,"column":9}}],"line":18},"5":{"loc":{"start":{"line":26,"column":4},"end":{"line":51,"column":5}},"type":"if","locations":[{"start":{"line":26,"column":4},"end":{"line":51,"column":5}},{"start":{"line":26,"column":4},"end":{"line":51,"column":5}}],"line":26},"6":{"loc":{"start":{"line":31,"column":9},"end":{"line":49,"column":9}},"type":"if","locations":[{"start":{"line":31,"column":9},"end":{"line":49,"column":9}},{"start":{"line":31,"column":9},"end":{"line":49,"column":9}}],"line":31},"7":{"loc":{"start":{"line":32,"column":10},"end":{"line":37,"column":11}},"type":"if","locations":[{"start":{"line":32,"column":10},"end":{"line":37,"column":11}},{"start":{"line":32,"column":10},"end":{"line":37,"column":11}}],"line":32},"8":{"loc":{"start":{"line":38,"column":15},"end":{"line":49,"column":9}},"type":"if","locations":[{"start":{"line":38,"column":15},"end":{"line":49,"column":9}},{"start":{"line":38,"column":15},"end":{"line":49,"column":9}}],"line":38},"9":{"loc":{"start":{"line":39,"column":10},"end":{"line":44,"column":11}},"type":"if","locations":[{"start":{"line":39,"column":10},"end":{"line":44,"column":11}},{"start":{"line":39,"column":10},"end":{"line":44,"column":11}}],"line":39}},"s":{"0":11,"1":6,"2":1,"3":5,"4":5,"5":14,"6":3,"7":11,"8":5,"9":6,"10":6,"11":11,"12":2,"13":126,"14":10,"15":116,"16":116,"17":264,"18":84,"19":9,"20":9,"21":75,"22":180,"23":80,"24":7,"25":7,"26":73,"27":100},"f":{"0":11,"1":6,"2":126},"b":{"0":[1,5],"1":[3,11],"2":[5,6],"3":[6,0],"4":[2,9],"5":[10,116],"6":[84,180],"7":[9,75],"8":[80,100],"9":[7,73]},"_coverageSchema":"43e27e138ebf9cfc5966b082cf9a028302ed4184","hash":"0b0cb0e3ec3af23aa119333dcf5384885df62c0e"}
}
