TN:
SF:C:\Users\Cat\Desktop\epicodus\binary-search-trees\src\bst-node.js
FN:2,(anonymous_0)
FNF:1
FNH:1
FNDA:127,(anonymous_0)
DA:3,127
DA:4,127
DA:5,127
LF:3
LH:3
BRF:0
BRH:0
end_of_record
TN:
SF:C:\Users\Cat\Desktop\epicodus\binary-search-trees\src\bst.js
FN:2,(anonymous_0)
FN:5,(anonymous_1)
FN:25,(anonymous_2)
FNF:3
FNH:3
FNDA:11,(anonymous_0)
FNDA:6,(anonymous_1)
FNDA:126,(anonymous_2)
DA:3,11
DA:6,6
DA:7,1
DA:9,5
DA:10,5
DA:11,14
DA:12,3
DA:13,11
DA:14,5
DA:15,6
DA:16,6
DA:18,11
DA:19,2
DA:26,126
DA:27,10
DA:29,116
DA:30,116
DA:31,264
DA:32,84
DA:33,9
DA:34,9
DA:36,75
DA:38,180
DA:39,80
DA:40,7
DA:41,7
DA:43,73
DA:48,100
LF:28
LH:28
BRDA:6,0,0,1
BRDA:6,0,1,5
BRDA:11,1,0,3
BRDA:11,1,1,11
BRDA:13,2,0,5
BRDA:13,2,1,6
BRDA:15,3,0,6
BRDA:15,3,1,0
BRDA:18,4,0,2
BRDA:18,4,1,9
BRDA:26,5,0,10
BRDA:26,5,1,116
BRDA:31,6,0,84
BRDA:31,6,1,180
BRDA:32,7,0,9
BRDA:32,7,1,75
BRDA:38,8,0,80
BRDA:38,8,1,100
BRDA:39,9,0,7
BRDA:39,9,1,73
BRF:20
BRH:19
end_of_record
